<?xml version="1.0" encoding="UTF-8"?>
<testng-results skipped="0" failed="1" ignored="0" total="1" passed="0">
  <reporter-output>
  </reporter-output>
  <suite name="Default suite" duration-ms="415" started-at="2023-01-01T20:39:24 IST" finished-at="2023-01-01T20:39:24 IST">
    <groups>
      <group name="cucumber">
        <method signature="TestRunner.feature(cucumber.api.testng.CucumberFeatureWrapper)[pri:0, instance:com.TestAutomationDemo.Runner.TestRunner@71c8becc]" name="feature" class="com.TestAutomationDemo.Runner.TestRunner"/>
      </group> <!-- cucumber -->
    </groups>
    <test name="Default test" duration-ms="415" started-at="2023-01-01T20:39:24 IST" finished-at="2023-01-01T20:39:24 IST">
      <class name="com.TestAutomationDemo.Runner.TestRunner">
        <test-method status="PASS" signature="setUpClass()[pri:0, instance:com.TestAutomationDemo.Runner.TestRunner@71c8becc]" name="setUpClass" is-config="true" duration-ms="291" started-at="2023-01-01T20:39:24 IST" finished-at="2023-01-01T20:39:24 IST">
          <reporter-output>
          </reporter-output>
        </test-method> <!-- setUpClass -->
        <test-method status="FAIL" signature="feature(cucumber.api.testng.CucumberFeatureWrapper)[pri:0, instance:com.TestAutomationDemo.Runner.TestRunner@71c8becc]" name="feature" duration-ms="14" started-at="2023-01-01T20:39:24 IST" description="Runs cucmber Features" data-provider="features" finished-at="2023-01-01T20:39:24 IST">
          <params>
            <param index="0">
              <value>
                <![CDATA[Frontend Automation using Java/JavaScript/Python Cypress / Selenium]]>
              </value>
            </param>
          </params>
          <exception class="cucumber.runtime.CucumberException">
            <message>
              <![CDATA[Only one formatter can use STDOUT, now both pretty and usage use it. If you use more than one formatter you must specify output path with PLUGIN:PATH_OR_URL]]>
            </message>
            <full-stacktrace>
              <![CDATA[cucumber.runtime.CucumberException: Only one formatter can use STDOUT, now both pretty and usage use it. If you use more than one formatter you must specify output path with PLUGIN:PATH_OR_URL
at cucumber.runtime.formatter.PluginFactory.defaultOutOrFailIfAlreadyUsed(PluginFactory.java:185)
at cucumber.runtime.formatter.PluginFactory.convertOrNull(PluginFactory.java:144)
at cucumber.runtime.formatter.PluginFactory.instantiate(PluginFactory.java:99)
at cucumber.runtime.formatter.PluginFactory.create(PluginFactory.java:87)
at cucumber.runtime.RuntimeOptions.getPlugins(RuntimeOptions.java:245)
at cucumber.runtime.RuntimeOptions$1.invoke(RuntimeOptions.java:291)
at com.sun.proxy.$Proxy18.uri(Unknown Source)
at cucumber.runtime.model.CucumberFeature.run(CucumberFeature.java:160)
at cucumber.api.testng.TestNGCucumberRunner.runCucumber(TestNGCucumberRunner.java:63)
at com.TestAutomationDemo.Runner.TestRunner.feature(TestRunner.java:31)
at sun.reflect.NativeMethodAccessorImpl.invoke0(Native Method)
at sun.reflect.NativeMethodAccessorImpl.invoke(NativeMethodAccessorImpl.java:62)
at sun.reflect.DelegatingMethodAccessorImpl.invoke(DelegatingMethodAccessorImpl.java:43)
at java.lang.reflect.Method.invoke(Method.java:498)
at org.testng.internal.MethodInvocationHelper.invokeMethod(MethodInvocationHelper.java:133)
at org.testng.internal.TestInvoker.invokeMethod(TestInvoker.java:598)
at org.testng.internal.TestInvoker.invokeTestMethod(TestInvoker.java:173)
at org.testng.internal.MethodRunner.runInSequence(MethodRunner.java:46)
at org.testng.internal.TestInvoker$MethodInvocationAgent.invoke(TestInvoker.java:824)
at org.testng.internal.TestInvoker.invokeTestMethods(TestInvoker.java:146)
at org.testng.internal.TestMethodWorker.invokeTestMethods(TestMethodWorker.java:146)
at org.testng.internal.TestMethodWorker.run(TestMethodWorker.java:128)
at java.util.ArrayList.forEach(ArrayList.java:1257)
at org.testng.TestRunner.privateRun(TestRunner.java:794)
at org.testng.TestRunner.run(TestRunner.java:596)
at org.testng.SuiteRunner.runTest(SuiteRunner.java:377)
at org.testng.SuiteRunner.runSequentially(SuiteRunner.java:371)
at org.testng.SuiteRunner.privateRun(SuiteRunner.java:332)
at org.testng.SuiteRunner.run(SuiteRunner.java:276)
at org.testng.SuiteRunnerWorker.runSuite(SuiteRunnerWorker.java:53)
at org.testng.SuiteRunnerWorker.run(SuiteRunnerWorker.java:96)
at org.testng.TestNG.runSuitesSequentially(TestNG.java:1212)
at org.testng.TestNG.runSuitesLocally(TestNG.java:1134)
at org.testng.TestNG.runSuites(TestNG.java:1063)
at org.testng.TestNG.run(TestNG.java:1031)
at org.testng.remote.AbstractRemoteTestNG.run(AbstractRemoteTestNG.java:115)
at org.testng.remote.RemoteTestNG.initAndRun(RemoteTestNG.java:251)
at org.testng.remote.RemoteTestNG.main(RemoteTestNG.java:77)
]]>
            </full-stacktrace>
          </exception> <!-- cucumber.runtime.CucumberException -->
          <reporter-output>
          </reporter-output>
        </test-method> <!-- feature -->
        <test-method status="FAIL" signature="testDownClass()[pri:0, instance:com.TestAutomationDemo.Runner.TestRunner@71c8becc]" name="testDownClass" is-config="true" duration-ms="1" started-at="2023-01-01T20:39:24 IST" finished-at="2023-01-01T20:39:24 IST">
          <exception class="cucumber.runtime.CucumberException">
            <message>
              <![CDATA[Only one formatter can use STDOUT, now both pretty and pretty use it. If you use more than one formatter you must specify output path with PLUGIN:PATH_OR_URL]]>
            </message>
            <full-stacktrace>
              <![CDATA[cucumber.runtime.CucumberException: Only one formatter can use STDOUT, now both pretty and pretty use it. If you use more than one formatter you must specify output path with PLUGIN:PATH_OR_URL
at cucumber.runtime.formatter.PluginFactory.defaultOutOrFailIfAlreadyUsed(PluginFactory.java:185)
at cucumber.runtime.formatter.PluginFactory.convertOrNull(PluginFactory.java:144)
at cucumber.runtime.formatter.PluginFactory.instantiate(PluginFactory.java:99)
at cucumber.runtime.formatter.PluginFactory.create(PluginFactory.java:87)
at cucumber.runtime.RuntimeOptions.getPlugins(RuntimeOptions.java:245)
at cucumber.runtime.RuntimeOptions$1.invoke(RuntimeOptions.java:291)
at com.sun.proxy.$Proxy18.done(Unknown Source)
at cucumber.api.testng.TestNGCucumberRunner.finish(TestNGCucumberRunner.java:76)
at com.TestAutomationDemo.Runner.TestRunner.testDownClass(TestRunner.java:42)
at sun.reflect.NativeMethodAccessorImpl.invoke0(Native Method)
at sun.reflect.NativeMethodAccessorImpl.invoke(NativeMethodAccessorImpl.java:62)
at sun.reflect.DelegatingMethodAccessorImpl.invoke(DelegatingMethodAccessorImpl.java:43)
at java.lang.reflect.Method.invoke(Method.java:498)
at org.testng.internal.MethodInvocationHelper.invokeMethod(MethodInvocationHelper.java:133)
at org.testng.internal.MethodInvocationHelper.invokeMethodConsideringTimeout(MethodInvocationHelper.java:62)
at org.testng.internal.ConfigInvoker.invokeConfigurationMethod(ConfigInvoker.java:385)
at org.testng.internal.ConfigInvoker.invokeConfigurations(ConfigInvoker.java:321)
at org.testng.internal.TestMethodWorker.invokeAfterClassMethods(TestMethodWorker.java:217)
at org.testng.internal.TestMethodWorker.run(TestMethodWorker.java:130)
at java.util.ArrayList.forEach(ArrayList.java:1257)
at org.testng.TestRunner.privateRun(TestRunner.java:794)
at org.testng.TestRunner.run(TestRunner.java:596)
at org.testng.SuiteRunner.runTest(SuiteRunner.java:377)
at org.testng.SuiteRunner.runSequentially(SuiteRunner.java:371)
at org.testng.SuiteRunner.privateRun(SuiteRunner.java:332)
at org.testng.SuiteRunner.run(SuiteRunner.java:276)
at org.testng.SuiteRunnerWorker.runSuite(SuiteRunnerWorker.java:53)
at org.testng.SuiteRunnerWorker.run(SuiteRunnerWorker.java:96)
at org.testng.TestNG.runSuitesSequentially(TestNG.java:1212)
at org.testng.TestNG.runSuitesLocally(TestNG.java:1134)
at org.testng.TestNG.runSuites(TestNG.java:1063)
at org.testng.TestNG.run(TestNG.java:1031)
at org.testng.remote.AbstractRemoteTestNG.run(AbstractRemoteTestNG.java:115)
at org.testng.remote.RemoteTestNG.initAndRun(RemoteTestNG.java:251)
at org.testng.remote.RemoteTestNG.main(RemoteTestNG.java:77)
]]>
            </full-stacktrace>
          </exception> <!-- cucumber.runtime.CucumberException -->
          <reporter-output>
          </reporter-output>
        </test-method> <!-- testDownClass -->
      </class> <!-- com.TestAutomationDemo.Runner.TestRunner -->
    </test> <!-- Default test -->
  </suite> <!-- Default suite -->
</testng-results>
